<?xml version="1.0" encoding="UTF-8"?>
<testng-results ignored="0" total="1" passed="1" failed="0" skipped="0">
  <reporter-output>
  </reporter-output>
  <suite started-at="2023-10-16T00:25:08 IST" name="Default suite" finished-at="2023-10-16T00:25:14 IST" duration-ms="6271">
    <groups>
    </groups>
    <test started-at="2023-10-16T00:25:08 IST" name="Default test" finished-at="2023-10-16T00:25:14 IST" duration-ms="6271">
      <class name="Package1.Test_01">
        <test-method is-config="true" signature="beforeTest()[pri:0, instance:Package1.Test_01@145f66e3]" started-at="2023-10-16T00:25:08 IST" name="beforeTest" finished-at="2023-10-16T00:25:14 IST" duration-ms="6247" status="PASS">
          <reporter-output>
          </reporter-output>
        </test-method> <!-- beforeTest -->
        <test-method signature="f()[pri:0, instance:Package1.Test_01@145f66e3]" started-at="2023-10-16T00:25:14 IST" name="f" finished-at="2023-10-16T00:25:14 IST" duration-ms="2" status="PASS">
          <reporter-output>
          </reporter-output>
        </test-method> <!-- f -->
        <test-method is-config="true" signature="afterTest()[pri:0, instance:Package1.Test_01@145f66e3]" started-at="2023-10-16T00:25:14 IST" name="afterTest" finished-at="2023-10-16T00:25:14 IST" duration-ms="0" status="PASS">
          <reporter-output>
          </reporter-output>
        </test-method> <!-- afterTest -->
      </class> <!-- Package1.Test_01 -->
    </test> <!-- Default test -->
  </suite> <!-- Default suite -->
</testng-results>
